Using pre-set license
Built from '2020.3/staging' branch; Version is '2020.3.25f1 (9b9180224418) revision 10195328'; Using compiler version '192528614'; Build Type 'Release'
OS: 'Windows 10  (10.0.19044) 64bit Professional' Language: 'es' Physical Memory: 8142 MB
BatchMode: 1, IsHumanControllingUs: 0, StartBugReporterOnCrash: 0, Is64bit: 1, IsPro: 0

COMMAND LINE ARGUMENTS:
D:\2020.3.25f1\Editor\Unity.exe
-adb2
-batchMode
-noUpm
-name
AssetImportWorker1
-projectPath
D:/GitHub/Projecto Aprobar
-logFile
Logs/AssetImportWorker1.log
-srvPort
64265
Successfully changed project path to: D:/GitHub/Projecto Aprobar
D:/GitHub/Projecto Aprobar
Using Asset Import Pipeline V2.
Refreshing native plugins compatible for Editor in 74.67 ms, found 2 plugins.
Preloading 0 native plugins for Editor in 0.00 ms.
Initialize engine version: 2020.3.25f1 (9b9180224418)
[Subsystems] Discovering subsystems at path D:/2020.3.25f1/Editor/Data/Resources/UnitySubsystems
[Subsystems] Discovering subsystems at path D:/GitHub/Projecto Aprobar/Assets
GfxDevice: creating device client; threaded=0
Direct3D:
    Version:  Direct3D 11.0 [level 11.1]
    Renderer: Radeon RX 580 Series (ID=0x67df)
    Vendor:   
    VRAM:     4075 MB
    Driver:   30.0.13023.4001
Initialize mono
Mono path[0] = 'D:/2020.3.25f1/Editor/Data/Managed'
Mono path[1] = 'D:/2020.3.25f1/Editor/Data/MonoBleedingEdge/lib/mono/unityjit'
Mono config path = 'D:/2020.3.25f1/Editor/Data/MonoBleedingEdge/etc'
Using monoOptions --debugger-agent=transport=dt_socket,embedding=1,server=y,suspend=n,address=127.0.0.1:56320
Begin MonoManager ReloadAssembly
Registering precompiled unity dll's ...
Register platform support module: D:/2020.3.25f1/Editor/Data/PlaybackEngines/WindowsStandaloneSupport/UnityEditor.WindowsStandalone.Extensions.dll
Registered in 0.001391 seconds.
Native extension for WindowsStandalone target not found
Refreshing native plugins compatible for Editor in 69.15 ms, found 2 plugins.
Preloading 0 native plugins for Editor in 0.00 ms.
Mono: successfully reloaded assembly
- Completed reload, in  0.733 seconds
Domain Reload Profiling:
	ReloadAssembly (734ms)
		BeginReloadAssembly (84ms)
			ExecutionOrderSort (0ms)
			DisableScriptedObjects (0ms)
			BackupInstance (0ms)
			ReleaseScriptingObjects (0ms)
			CreateAndSetChildDomain (1ms)
		EndReloadAssembly (568ms)
			LoadAssemblies (84ms)
			RebuildTransferFunctionScriptingTraits (0ms)
			SetupTypeCache (179ms)
			ReleaseScriptCaches (0ms)
			RebuildScriptCaches (43ms)
			SetupLoadedEditorAssemblies (222ms)
				LogAssemblyErrors (0ms)
				InitializePlatformSupportModulesInManaged (5ms)
				SetLoadedEditorAssemblies (0ms)
				RefreshPlugins (69ms)
				BeforeProcessingInitializeOnLoad (16ms)
				ProcessInitializeOnLoadAttributes (99ms)
				ProcessInitializeOnLoadMethodAttributes (33ms)
				AfterProcessingInitializeOnLoad (0ms)
				EditorAssembliesLoaded (0ms)
			ExecutionOrderSort2 (0ms)
			AwakeInstancesAfterBackupRestoration (0ms)
Platform modules already initialized, skipping
Registering precompiled user dll's ...
Registered in 0.005814 seconds.
Begin MonoManager ReloadAssembly
Native extension for WindowsStandalone target not found
Refreshing native plugins compatible for Editor in 0.99 ms, found 2 plugins.
Preloading 0 native plugins for Editor in 0.00 ms.
Mono: successfully reloaded assembly
- Completed reload, in  1.667 seconds
Domain Reload Profiling:
	ReloadAssembly (1677ms)
		BeginReloadAssembly (184ms)
			ExecutionOrderSort (0ms)
			DisableScriptedObjects (6ms)
			BackupInstance (0ms)
			ReleaseScriptingObjects (0ms)
			CreateAndSetChildDomain (20ms)
		EndReloadAssembly (1388ms)
			LoadAssemblies (505ms)
			RebuildTransferFunctionScriptingTraits (0ms)
			SetupTypeCache (353ms)
			ReleaseScriptCaches (1ms)
			RebuildScriptCaches (77ms)
			SetupLoadedEditorAssemblies (354ms)
				LogAssemblyErrors (0ms)
				InitializePlatformSupportModulesInManaged (5ms)
				SetLoadedEditorAssemblies (1ms)
				RefreshPlugins (1ms)
				BeforeProcessingInitializeOnLoad (103ms)
				ProcessInitializeOnLoadAttributes (227ms)
				ProcessInitializeOnLoadMethodAttributes (14ms)
				AfterProcessingInitializeOnLoad (3ms)
				EditorAssembliesLoaded (0ms)
			ExecutionOrderSort2 (0ms)
			AwakeInstancesAfterBackupRestoration (8ms)
Platform modules already initialized, skipping
========================================================================
Worker process is ready to serve import requests
Launched and connected shader compiler UnityShaderCompiler.exe after 0.16 seconds
Refreshing native plugins compatible for Editor in 0.80 ms, found 2 plugins.
Preloading 0 native plugins for Editor in 0.00 ms.
Unloading 2420 Unused Serialized files (Serialized files now loaded: 0)
System memory in use before: 133.0 MB.
System memory in use after: 133.2 MB.

Unloading 42 unused Assets to reduce memory usage. Loaded Objects now: 2839.
Total: 4.012800 ms (FindLiveObjects: 0.265000 ms CreateObjectMapping: 0.075700 ms MarkObjects: 3.545000 ms  DeleteObjects: 0.124900 ms)

AssetImportParameters requested are different than current active one (requested -> active):
  custom:framework-win-MediaFoundation: 216162199b28c13a410421893ffa2e32 -> 
  custom:video-decoder-ogg-theora: a1e56fd34408186e4bbccfd4996cb3dc -> 
  custom:container-muxer-webm: aa71ff27fc2769a1b78a27578f13a17b -> 
  custom:container-demuxer-webm: 4f35f7cbe854078d1ac9338744f61a02 -> 
  custom:container-demuxer-ogg: 62fdf1f143b41e24485cea50d1cbac27 -> 
  custom:video-encoder-webm-vp8: eb34c28f22e8b96e1ab97ce403110664 -> 
  custom:video-decoder-webm-vp8: 9c59270c3fd7afecdb556c50c9e8de78 -> 
  custom:audio-decoder-ogg-vorbis: bf7c407c2cedff20999df2af8eb42d56 -> 
  custom:audio-encoder-webm-vorbis: bf7c407c2cedff20999df2af8eb42d56 -> 
========================================================================
Received Import Request.
  path: Assets/Scripts/SlimeAttack.cs
  artifactKey: Guid(ed3b83eed7ac1d445b9ce25cfd172a0f) Importer(815301076,1909f56bfc062723c751e8b465ee728b)
Start importing Assets/Scripts/SlimeAttack.cs using Guid(ed3b83eed7ac1d445b9ce25cfd172a0f) Importer(815301076,1909f56bfc062723c751e8b465ee728b)  -> (artifact id: 'e3dc9036b053bbf18a8d7d51533e70c3') in 0.254875 seconds 
  Import took 0.306274 seconds .

========================================================================
Received Import Request.
  Time since last request: 0.000237 seconds.
  path: Assets/Scripts/AnimatorManager.cs
  artifactKey: Guid(e75157106a7fc404791e41b2f1839a29) Importer(815301076,1909f56bfc062723c751e8b465ee728b)
Start importing Assets/Scripts/AnimatorManager.cs using Guid(e75157106a7fc404791e41b2f1839a29) Importer(815301076,1909f56bfc062723c751e8b465ee728b)  -> (artifact id: '5a72b35da4581f558b825368f66067e8') in 0.029388 seconds 
  Import took 0.061822 seconds .

========================================================================
Received Import Request.
  Time since last request: 0.000211 seconds.
  path: Assets/Scripts/SawTrap.cs
  artifactKey: Guid(f1a3178f511c89b4a805cb36d7cd3c15) Importer(815301076,1909f56bfc062723c751e8b465ee728b)
Start importing Assets/Scripts/SawTrap.cs using Guid(f1a3178f511c89b4a805cb36d7cd3c15) Importer(815301076,1909f56bfc062723c751e8b465ee728b)  -> (artifact id: '4244ab8295482c3f2abc2a63448390be') in 0.016783 seconds 
  Import took 0.033954 seconds .

========================================================================
Received Import Request.
  Time since last request: 0.000205 seconds.
  path: Assets/Scripts/Movement.cs
  artifactKey: Guid(ccdfad03c4fc4434b84c996acda04a16) Importer(815301076,1909f56bfc062723c751e8b465ee728b)
Start importing Assets/Scripts/Movement.cs using Guid(ccdfad03c4fc4434b84c996acda04a16) Importer(815301076,1909f56bfc062723c751e8b465ee728b)  -> (artifact id: 'a1e669ddde9f9cdb7cd81208bf91dd00') in 0.020860 seconds 
  Import took 0.048101 seconds .

========================================================================
Received Import Request.
  Time since last request: 0.000244 seconds.
  path: Assets/Scripts/RockBullet.cs
  artifactKey: Guid(7a55a5b8565b95444a9a4cbfdff5a83b) Importer(815301076,1909f56bfc062723c751e8b465ee728b)
Start importing Assets/Scripts/RockBullet.cs using Guid(7a55a5b8565b95444a9a4cbfdff5a83b) Importer(815301076,1909f56bfc062723c751e8b465ee728b)  -> (artifact id: 'bd0d61d541813f26c3fad8d4e17fc556') in 0.035544 seconds 
  Import took 0.080868 seconds .

========================================================================
Received Import Request.
  Time since last request: 0.000287 seconds.
  path: Assets/Scripts/ReviveScreen.cs
  artifactKey: Guid(7e780b748029eb042a1e9a4e75be4a42) Importer(815301076,1909f56bfc062723c751e8b465ee728b)
Start importing Assets/Scripts/ReviveScreen.cs using Guid(7e780b748029eb042a1e9a4e75be4a42) Importer(815301076,1909f56bfc062723c751e8b465ee728b)  -> (artifact id: '5d0acbbb83bf87f182fcdde73c7be7c9') in 0.008312 seconds 
  Import took 0.034859 seconds .

========================================================================
Received Import Request.
  Time since last request: 0.000298 seconds.
  path: Assets/TextMesh Pro/Examples & Extras/Materials/Crate - Surface Shader Scene.mat
  artifactKey: Guid(e6b9b44320f4448d9d5e0ee634259966) Importer(815301076,1909f56bfc062723c751e8b465ee728b)
Start importing Assets/TextMesh Pro/Examples & Extras/Materials/Crate - Surface Shader Scene.mat using Guid(e6b9b44320f4448d9d5e0ee634259966) Importer(815301076,1909f56bfc062723c751e8b465ee728b)  -> (artifact id: '82cf10a232fb1e9761a31632be84bc7c') in 1.139521 seconds 
  Import took 1.175033 seconds .

========================================================================
Received Import Request.
  Time since last request: 0.000204 seconds.
  path: Assets/Scripts/SlimeFactory.cs
  artifactKey: Guid(47043cfa536da0a408e433c8d834756d) Importer(815301076,1909f56bfc062723c751e8b465ee728b)
Start importing Assets/Scripts/SlimeFactory.cs using Guid(47043cfa536da0a408e433c8d834756d) Importer(815301076,1909f56bfc062723c751e8b465ee728b)  -> (artifact id: 'b0670864666a3603471bbd8a64ff4a20') in 0.020464 seconds 
  Import took 0.045533 seconds .

========================================================================
Received Import Request.
  Time since last request: 0.000311 seconds.
  path: Assets/Scripts/MySceneManager.cs
  artifactKey: Guid(c3d9761bf42b10e4e92e1e379d25a1e6) Importer(815301076,1909f56bfc062723c751e8b465ee728b)
Start importing Assets/Scripts/MySceneManager.cs using Guid(c3d9761bf42b10e4e92e1e379d25a1e6) Importer(815301076,1909f56bfc062723c751e8b465ee728b)  -> (artifact id: '134d3fde3ca3201782eab4de17cfb52a') in 0.006362 seconds 
  Import took 0.027531 seconds .

========================================================================
Received Import Request.
  Time since last request: 0.000273 seconds.
  path: Assets/TextMesh Pro/Examples & Extras/Materials/Ground - Surface Shader Scene.mat
  artifactKey: Guid(aadd5a709a48466c887296bb5b1b8110) Importer(815301076,1909f56bfc062723c751e8b465ee728b)
Start importing Assets/TextMesh Pro/Examples & Extras/Materials/Ground - Surface Shader Scene.mat using Guid(aadd5a709a48466c887296bb5b1b8110) Importer(815301076,1909f56bfc062723c751e8b465ee728b)  -> (artifact id: '6cb1a531bdeffaee745a9dd9c4f17fc2') in 0.044376 seconds 
  Import took 0.058469 seconds .

========================================================================
Received Import Request.
  Time since last request: 0.000310 seconds.
  path: Assets/Scripts/PruebaEnemy.cs
  artifactKey: Guid(3ab9a698b6a321f4ca336def2981de9d) Importer(815301076,1909f56bfc062723c751e8b465ee728b)
Start importing Assets/Scripts/PruebaEnemy.cs using Guid(3ab9a698b6a321f4ca336def2981de9d) Importer(815301076,1909f56bfc062723c751e8b465ee728b)  -> (artifact id: 'ed4c75ab9cf3660f14d6e23ebf8ccb22') in 0.014337 seconds 
  Import took 0.030737 seconds .

========================================================================
Received Import Request.
  Time since last request: 0.000225 seconds.
  path: Assets/Scripts/MainMenuManager.cs
  artifactKey: Guid(0bbd7d9ba8ebd5e4a924e8cf606342ef) Importer(815301076,1909f56bfc062723c751e8b465ee728b)
Start importing Assets/Scripts/MainMenuManager.cs using Guid(0bbd7d9ba8ebd5e4a924e8cf606342ef) Importer(815301076,1909f56bfc062723c751e8b465ee728b)  -> (artifact id: '34289d0dffd04860e3813763b2a62bef') in 0.018405 seconds 
  Import took 0.046034 seconds .

========================================================================
Received Import Request.
  Time since last request: 0.000212 seconds.
  path: Assets/Scripts/HealEfects.cs
  artifactKey: Guid(278aac269b88fe24a9e00841c8f71b93) Importer(815301076,1909f56bfc062723c751e8b465ee728b)
Start importing Assets/Scripts/HealEfects.cs using Guid(278aac269b88fe24a9e00841c8f71b93) Importer(815301076,1909f56bfc062723c751e8b465ee728b)  -> (artifact id: 'cc36e4d096ca8be3f55e115ed724b449') in 0.018825 seconds 
  Import took 0.034150 seconds .

========================================================================
Received Import Request.
  Time since last request: 0.000203 seconds.
  path: Assets/TextMesh Pro/Examples & Extras/Materials/Ground - Logo Scene.mat
  artifactKey: Guid(c719e38f25a9480abd2480ab621a2949) Importer(815301076,1909f56bfc062723c751e8b465ee728b)
Start importing Assets/TextMesh Pro/Examples & Extras/Materials/Ground - Logo Scene.mat using Guid(c719e38f25a9480abd2480ab621a2949) Importer(815301076,1909f56bfc062723c751e8b465ee728b)  -> (artifact id: '4457526dabe3b1ee21207b5702e85636') in 0.083792 seconds 
  Import took 0.101618 seconds .

========================================================================
Received Import Request.
  Time since last request: 0.000202 seconds.
  path: Assets/props/Paquete/SceneManager.prefab
  artifactKey: Guid(8ff97c2d46a7680439f4ae416d572719) Importer(815301076,1909f56bfc062723c751e8b465ee728b)
Start importing Assets/props/Paquete/SceneManager.prefab using Guid(8ff97c2d46a7680439f4ae416d572719) Importer(815301076,1909f56bfc062723c751e8b465ee728b)  -> (artifact id: '7b687ca2cc671af0af3210d23f0bb1cc') in 0.104899 seconds 
  Import took 0.131670 seconds .

========================================================================
Received Import Request.
  Time since last request: 0.000198 seconds.
  path: Assets/Scripts/Ads
  artifactKey: Guid(1232ad88b6e1f8648b2aa99b671f12fc) Importer(815301076,1909f56bfc062723c751e8b465ee728b)
Start importing Assets/Scripts/Ads using Guid(1232ad88b6e1f8648b2aa99b671f12fc) Importer(815301076,1909f56bfc062723c751e8b465ee728b)  -> (artifact id: '809f01789585dbdeb6919db49e532622') in 0.019580 seconds 
  Import took 0.056168 seconds .

========================================================================
Received Import Request.
  Time since last request: 0.000197 seconds.
  path: Assets/Scripts/Slime.cs
  artifactKey: Guid(eb8ccab779d7fc44dbbbd3426a3cc63c) Importer(815301076,1909f56bfc062723c751e8b465ee728b)
Start importing Assets/Scripts/Slime.cs using Guid(eb8ccab779d7fc44dbbbd3426a3cc63c) Importer(815301076,1909f56bfc062723c751e8b465ee728b)  -> (artifact id: 'e5b4f433dcdac7bc6daefbedf50b85ad') in 0.027676 seconds 
  Import took 0.108516 seconds .

========================================================================
Received Import Request.
  Time since last request: 0.000207 seconds.
  path: Assets/Scripts/EventManager/EventManager.cs
  artifactKey: Guid(5e4b70aff0f15994998af39e10e40b8a) Importer(815301076,1909f56bfc062723c751e8b465ee728b)
Start importing Assets/Scripts/EventManager/EventManager.cs using Guid(5e4b70aff0f15994998af39e10e40b8a) Importer(815301076,1909f56bfc062723c751e8b465ee728b)  -> (artifact id: '3c2d891f25a9061ba0300e68878f9b53') in 0.015287 seconds 
  Import took 0.024365 seconds .

========================================================================
Received Import Request.
  Time since last request: 0.000309 seconds.
  path: Assets/Scripts/LocalizationManager
  artifactKey: Guid(91f29620d15ff1143b3c8775f4d4b276) Importer(815301076,1909f56bfc062723c751e8b465ee728b)
Start importing Assets/Scripts/LocalizationManager using Guid(91f29620d15ff1143b3c8775f4d4b276) Importer(815301076,1909f56bfc062723c751e8b465ee728b)  -> (artifact id: 'ebe62b46cecc9bf58583e74067f1b845') in 0.031927 seconds 
  Import took 0.058023 seconds .

AssetImportWorkerClient::OnTransportError - code=2 error=End of file
